<?xml version="1.0" encoding="UTF-8"?>
<!-- Generated by org.testng.reporters.JUnitXMLReporter -->
<testsuite ignored="0" hostname="Shahroses-MBP.fios-router.home" failures="0" tests="1" name="Validating NavigationBar" time="0.134" errors="0" timestamp="2021-07-08T15:50:41 EDT">
  <testcase classname="End.HomePage" name="@BeforeTest intialize" time="0.021">
    <failure type="java.lang.NullPointerException" message="Cannot invoke &amp;quot;String.contains(java.lang.CharSequence)&amp;quot; because &amp;quot;browserName&amp;quot; is null">
      <![CDATA[java.lang.NullPointerException: Cannot invoke "String.contains(java.lang.CharSequence)" because "browserName" is null
at resources.base.intializerDriver(base.java:32)
at End.HomePage.intialize(HomePage.java:28)
at java.base/java.util.concurrent.FutureTask.run(FutureTask.java:264)
at java.base/java.util.concurrent.ThreadPoolExecutor.runWorker(ThreadPoolExecutor.java:1130)
at java.base/java.util.concurrent.ThreadPoolExecutor$Worker.run(ThreadPoolExecutor.java:630)
at java.base/java.lang.Thread.run(Thread.java:832)
... Removed 15 stack frames]]>
    </failure>
  </testcase> <!-- @BeforeTest intialize -->
  <testcase classname="End.validationBAR" name="@BeforeTest intialize" time="0.021">
    <failure type="java.lang.NullPointerException" message="Cannot invoke &amp;quot;String.contains(java.lang.CharSequence)&amp;quot; because &amp;quot;browserName&amp;quot; is null">
      <![CDATA[java.lang.NullPointerException: Cannot invoke "String.contains(java.lang.CharSequence)" because "browserName" is null
at resources.base.intializerDriver(base.java:32)
at End.validationBAR.intialize(validationBAR.java:29)
at java.base/java.util.concurrent.FutureTask.run(FutureTask.java:264)
at java.base/java.util.concurrent.ThreadPoolExecutor.runWorker(ThreadPoolExecutor.java:1130)
at java.base/java.util.concurrent.ThreadPoolExecutor$Worker.run(ThreadPoolExecutor.java:630)
at java.base/java.lang.Thread.run(Thread.java:832)
... Removed 15 stack frames]]>
    </failure>
  </testcase> <!-- @BeforeTest intialize -->
  <testcase classname="End.HomePage" name="@AfterTest teardown" time="-1.625773841734E9">
    <skipped/>
  </testcase> <!-- @AfterTest teardown -->
  <testcase classname="End.validationBAR" name="basenavigation" time="0.0">
    <skipped/>
  </testcase> <!-- basenavigation -->
</testsuite> <!-- Validating NavigationBar -->
